2025-06-30 17:00:41.699  INFO pt.cc.main.CasterL2Application:?:? - Starting CasterL2Application using Java 21.0.7 with PID 9556 (E:\Eclipse-SpringBoot-Maven\CasterL2\target\classes started by SURAJIT in E:\Eclipse-SpringBoot-Maven\CasterL2)
2025-06-30 17:00:41.701  INFO pt.cc.main.CasterL2Application:?:? - No active profile set, falling back to 1 default profile: "default"
2025-06-30 17:00:42.238  INFO pt.cc.log.LoggerService:?:? - AbstractInitializer init called 
2025-06-30 17:00:42.238  INFO pt.cc.log.LoggerService:?:? - checking object for targetAdapterObject class pt.cc.adapters.DefaultCasterAdapter
2025-06-30 17:00:42.246  INFO pt.cc.log.LoggerService:?:? - Properties Key : heat.heatId Value 4
2025-06-30 17:00:42.246  INFO pt.cc.log.LoggerService:?:? - Properties Key : plan.planId Value 4
2025-06-30 17:00:42.255  INFO pt.cc.log.LoggerService:?:? - AbstractInitializer init called 
2025-06-30 17:00:42.255  INFO pt.cc.log.LoggerService:?:? - checking object for targetAdapterObject class pt.cc.heat.impl.DefaultHeatPool
2025-06-30 17:00:42.255  INFO pt.cc.log.LoggerService:?:? - Field caster annotation class jdk.proxy2.$Proxy40
2025-06-30 17:00:42.260  WARN org.springframework.context.annotation.AnnotationConfigApplicationContext:?:? - Exception encountered during context initialization - cancelling refresh attempt: org.springframework.beans.factory.BeanCreationException: Error creating bean with name 'heatDataPersister': Injection of autowired dependencies failed
2025-06-30 17:00:42.269  INFO org.springframework.boot.autoconfigure.logging.ConditionEvaluationReportLogger:?:? - 

Error starting ApplicationContext. To display the condition evaluation report re-run your application with 'debug' enabled.
2025-06-30 17:00:42.287 ERROR org.springframework.boot.SpringApplication:?:? - Application run failed
org.springframework.beans.factory.BeanCreationException: Error creating bean with name 'heatDataPersister': Injection of autowired dependencies failed
	at org.springframework.beans.factory.annotation.AutowiredAnnotationBeanPostProcessor.postProcessProperties(AutowiredAnnotationBeanPostProcessor.java:498)
	at org.springframework.beans.factory.support.AbstractAutowireCapableBeanFactory.populateBean(AbstractAutowireCapableBeanFactory.java:1447)
	at org.springframework.beans.factory.support.AbstractAutowireCapableBeanFactory.doCreateBean(AbstractAutowireCapableBeanFactory.java:603)
	at org.springframework.beans.factory.support.AbstractAutowireCapableBeanFactory.createBean(AbstractAutowireCapableBeanFactory.java:526)
	at org.springframework.beans.factory.support.AbstractBeanFactory.lambda$doGetBean$0(AbstractBeanFactory.java:333)
	at org.springframework.beans.factory.support.DefaultSingletonBeanRegistry.getSingleton(DefaultSingletonBeanRegistry.java:371)
	at org.springframework.beans.factory.support.AbstractBeanFactory.doGetBean(AbstractBeanFactory.java:331)
	at org.springframework.beans.factory.support.AbstractBeanFactory.getBean(AbstractBeanFactory.java:196)
	at org.springframework.beans.factory.support.DefaultListableBeanFactory.instantiateSingleton(DefaultListableBeanFactory.java:1207)
	at org.springframework.beans.factory.support.DefaultListableBeanFactory.preInstantiateSingleton(DefaultListableBeanFactory.java:1173)
	at org.springframework.beans.factory.support.DefaultListableBeanFactory.preInstantiateSingletons(DefaultListableBeanFactory.java:1109)
	at org.springframework.context.support.AbstractApplicationContext.finishBeanFactoryInitialization(AbstractApplicationContext.java:977)
	at org.springframework.context.support.AbstractApplicationContext.refresh(AbstractApplicationContext.java:617)
	at org.springframework.boot.SpringApplication.refresh(SpringApplication.java:752)
	at org.springframework.boot.SpringApplication.refreshContext(SpringApplication.java:439)
	at org.springframework.boot.SpringApplication.run(SpringApplication.java:318)
	at org.springframework.boot.SpringApplication.run(SpringApplication.java:1361)
	at org.springframework.boot.SpringApplication.run(SpringApplication.java:1350)
	at pt.cc.main.CasterL2Application.main(CasterL2Application.java:19)
Caused by: org.springframework.util.PlaceholderResolutionException: Could not resolve placeholder 'serializer-file-heat' in value "${serializer-file-heat}"
	at org.springframework.util.PlaceholderResolutionException.withValue(PlaceholderResolutionException.java:81)
	at org.springframework.util.PlaceholderParser$ParsedValue.resolve(PlaceholderParser.java:419)
	at org.springframework.util.PlaceholderParser.replacePlaceholders(PlaceholderParser.java:126)
	at org.springframework.util.PropertyPlaceholderHelper.parseStringValue(PropertyPlaceholderHelper.java:100)
	at org.springframework.util.PropertyPlaceholderHelper.replacePlaceholders(PropertyPlaceholderHelper.java:96)
	at org.springframework.core.env.AbstractPropertyResolver.doResolvePlaceholders(AbstractPropertyResolver.java:286)
	at org.springframework.core.env.AbstractPropertyResolver.resolveRequiredPlaceholders(AbstractPropertyResolver.java:257)
	at org.springframework.context.support.PropertySourcesPlaceholderConfigurer.lambda$processProperties$0(PropertySourcesPlaceholderConfigurer.java:184)
	at org.springframework.beans.factory.support.AbstractBeanFactory.resolveEmbeddedValue(AbstractBeanFactory.java:960)
	at org.springframework.beans.factory.support.DefaultListableBeanFactory.doResolveDependency(DefaultListableBeanFactory.java:1642)
	at org.springframework.beans.factory.support.DefaultListableBeanFactory.resolveDependency(DefaultListableBeanFactory.java:1621)
	at org.springframework.beans.factory.annotation.AutowiredAnnotationBeanPostProcessor$AutowiredFieldElement.resolveFieldValue(AutowiredAnnotationBeanPostProcessor.java:764)
	at org.springframework.beans.factory.annotation.AutowiredAnnotationBeanPostProcessor$AutowiredFieldElement.inject(AutowiredAnnotationBeanPostProcessor.java:748)
	at org.springframework.beans.factory.annotation.InjectionMetadata.inject(InjectionMetadata.java:146)
	at org.springframework.beans.factory.annotation.AutowiredAnnotationBeanPostProcessor.postProcessProperties(AutowiredAnnotationBeanPostProcessor.java:492)
	... 18 common frames omitted
