2025-07-06 16:34:35 - [Class: pt.cc.adapters.persistence.file.FileDataPersister] [Method: persist] [Line: 35] - [DefaultPlan [planId=49, planName=2, planCreationTime=Sat Jul 05 17:27:04 IST 2025], DefaultPlan [planId=50, planName=3, planCreationTime=Sat Jul 05 17:27:06 IST 2025]] Written to file
2025-07-06 16:34:35 - [Class: pt.cc.adapters.persistence.file.FileDataPersister] [Method: persist] [Line: 35] - [BaseHeat [heatName=8, steelGrade=Q235B, creationDate=Thu Jul 03 11:26:00 IST 2025, heatState=PLAN, heatId=41, planId=50, planName=3], BaseHeat [heatName=9, steelGrade=J1234, creationDate=Thu Jul 03 16:44:12 IST 2025, heatState=PLAN, heatId=43, planId=50, planName=3], BaseHeat [heatName=2, steelGrade=K1890, creationDate=Thu Jul 03 16:44:33 IST 2025, heatState=PLAN, heatId=45, planId=50, planName=3]] Written to file
2025-07-06 16:34:35 - [Class: pt.cc.heat.persist.HeatDataPersister] [Method: persist] [Line: 59] - At Predestroy : Available Heat in pool   
8 -- 3
9 -- 3
2 -- 3

2025-07-06 16:34:35 - [Class: pt.cc.adapters.persistence.file.FileDataPersister] [Method: persist] [Line: 35] - [BaseHeat [heatName=8, steelGrade=Q235B, creationDate=Thu Jul 03 11:26:00 IST 2025, heatState=PLAN, heatId=41, planId=50, planName=3], BaseHeat [heatName=9, steelGrade=J1234, creationDate=Thu Jul 03 16:44:12 IST 2025, heatState=PLAN, heatId=43, planId=50, planName=3], BaseHeat [heatName=2, steelGrade=K1890, creationDate=Thu Jul 03 16:44:33 IST 2025, heatState=PLAN, heatId=45, planId=50, planName=3]] Written to file
2025-07-06 16:35:28 - Starting application using Java 21.0.7 with PID 924 (started by SURAJIT in E:\Eclipse-SpringBoot-Maven\CasterL2HMI)
2025-07-06 16:35:28 - No active profile set, falling back to 1 default profile: "default"
2025-07-06 16:35:29 - [Class: pt.cc.util.generator.IdGeneratorAdapter] [Method: init] [Line: 35] - appConfigPath E:\CasterL2\config.properties
2025-07-06 16:35:29 - [Class: pt.cc.util.generator.IdGeneratorAdapter] [Method: lambda$loadProperties$0] [Line: 91] - Properties Key : heat.heatId Value 50
2025-07-06 16:35:29 - [Class: pt.cc.util.generator.IdGeneratorAdapter] [Method: lambda$loadProperties$0] [Line: 91] - Properties Key : plan.planId Value 52
2025-07-06 16:35:29 - [Class: pt.cc.adapters.AbstractInitializer] [Method: checkObject] [Line: 21] - checking object for targetAdapterObject class pt.cc.adapters.DefaultCasterAdapter
2025-07-06 16:35:29 - [Class: pt.cc.adapters.AbstractInitializer] [Method: checkObject] [Line: 21] - checking object for targetAdapterObject class pt.cc.heat.impl.DefaultHeatPool
2025-07-06 16:35:29 - [Class: pt.cc.adapters.AbstractInitializer] [Method: checkObject] [Line: 29] - Field caster annotation class jdk.proxy2.$Proxy38
2025-07-06 16:35:29 - [Class: pt.cc.heat.persist.HeatDataPersister] [Method: init] [Line: 41] - file ser path E:\CasterL2\heats.ser
2025-07-06 16:35:29 - [Class: pt.cc.adapters.persistence.file.FileDataReader] [Method: read] [Line: 48] - class pt.cc.heat.persist.HeatDataReader: reading back objects archived on  with version 1.0
2025-07-06 16:35:29 - [Class: pt.cc.adapters.persistence.file.FileDataReader] [Method: read] [Line: 48] - class pt.cc.plan.persist.PlanDataReader: reading back objects archived on  with version 1.0
2025-07-06 16:35:29 - Started application in 2.347 seconds (process running for 3.446)
2025-07-06 16:35:29 - Loading FXML document with JavaFX API of version 23.0.1 by JavaFX runtime of version 21.0.7
2025-07-06 16:35:30 - Could not find stylesheet: file:/E:/Eclipse-SpringBoot-Maven/CasterL2HMI/target/application.css
2025-07-06 16:35:30 - CSS Error parsing file:/E:/Eclipse-SpringBoot-Maven/CasterL2HMI/target/mainView.css: Invalid color specification while parsing '-fx-background-color' at [14,39]
2025-07-06 16:35:31 - Loading FXML document with JavaFX API of version 23.0.1 by JavaFX runtime of version 21.0.7
2025-07-06 16:35:39 - [Class: pt.cc.plan.persist.PlanDataPersister] [Method: persist] [Line: 59] - At Predestroy : Available plan in pool   
2
3

2025-07-06 16:35:39 - [Class: pt.cc.adapters.persistence.file.FileDataPersister] [Method: persist] [Line: 35] - [DefaultPlan [planId=49, planName=2, planCreationTime=Sat Jul 05 17:27:04 IST 2025], DefaultPlan [planId=50, planName=3, planCreationTime=Sat Jul 05 17:27:06 IST 2025]] Written to file
2025-07-06 16:35:39 - [Class: pt.cc.adapters.persistence.file.FileDataPersister] [Method: persist] [Line: 35] - [BaseHeat [heatName=8, steelGrade=Q235B, creationDate=Thu Jul 03 11:26:00 IST 2025, heatState=PLAN, heatId=41, planId=50, planName=3], BaseHeat [heatName=9, steelGrade=J1234, creationDate=Thu Jul 03 16:44:12 IST 2025, heatState=PLAN, heatId=43, planId=50, planName=3], BaseHeat [heatName=2, steelGrade=K1890, creationDate=Thu Jul 03 16:44:33 IST 2025, heatState=PLAN, heatId=45, planId=50, planName=3]] Written to file
2025-07-06 16:35:39 - [Class: pt.cc.heat.persist.HeatDataPersister] [Method: persist] [Line: 59] - At Predestroy : Available Heat in pool   
8 -- 3
9 -- 3
2 -- 3

2025-07-06 16:35:39 - [Class: pt.cc.adapters.persistence.file.FileDataPersister] [Method: persist] [Line: 35] - [BaseHeat [heatName=8, steelGrade=Q235B, creationDate=Thu Jul 03 11:26:00 IST 2025, heatState=PLAN, heatId=41, planId=50, planName=3], BaseHeat [heatName=9, steelGrade=J1234, creationDate=Thu Jul 03 16:44:12 IST 2025, heatState=PLAN, heatId=43, planId=50, planName=3], BaseHeat [heatName=2, steelGrade=K1890, creationDate=Thu Jul 03 16:44:33 IST 2025, heatState=PLAN, heatId=45, planId=50, planName=3]] Written to file
2025-07-06 16:36:07 - Starting application using Java 21.0.7 with PID 5276 (started by SURAJIT in E:\Eclipse-SpringBoot-Maven\CasterL2HMI)
2025-07-06 16:36:07 - No active profile set, falling back to 1 default profile: "default"
2025-07-06 16:36:08 - [Class: pt.cc.util.generator.IdGeneratorAdapter] [Method: init] [Line: 35] - appConfigPath E:\CasterL2\config.properties
2025-07-06 16:36:08 - [Class: pt.cc.util.generator.IdGeneratorAdapter] [Method: lambda$loadProperties$0] [Line: 91] - Properties Key : heat.heatId Value 50
2025-07-06 16:36:08 - [Class: pt.cc.util.generator.IdGeneratorAdapter] [Method: lambda$loadProperties$0] [Line: 91] - Properties Key : plan.planId Value 52
2025-07-06 16:36:08 - [Class: pt.cc.adapters.AbstractInitializer] [Method: checkObject] [Line: 21] - checking object for targetAdapterObject class pt.cc.adapters.DefaultCasterAdapter
2025-07-06 16:36:08 - [Class: pt.cc.adapters.AbstractInitializer] [Method: checkObject] [Line: 21] - checking object for targetAdapterObject class pt.cc.heat.impl.DefaultHeatPool
2025-07-06 16:36:08 - [Class: pt.cc.adapters.AbstractInitializer] [Method: checkObject] [Line: 29] - Field caster annotation class jdk.proxy2.$Proxy38
2025-07-06 16:36:08 - [Class: pt.cc.heat.persist.HeatDataPersister] [Method: init] [Line: 41] - file ser path E:\CasterL2\heats.ser
2025-07-06 16:36:08 - [Class: pt.cc.adapters.persistence.file.FileDataReader] [Method: read] [Line: 48] - class pt.cc.heat.persist.HeatDataReader: reading back objects archived on  with version 1.0
2025-07-06 16:36:08 - [Class: pt.cc.adapters.persistence.file.FileDataReader] [Method: read] [Line: 48] - class pt.cc.plan.persist.PlanDataReader: reading back objects archived on  with version 1.0
2025-07-06 16:36:08 - Started application in 1.954 seconds (process running for 3.002)
2025-07-06 16:36:08 - Loading FXML document with JavaFX API of version 23.0.1 by JavaFX runtime of version 21.0.7
2025-07-06 16:36:09 - Could not find stylesheet: file:/E:/Eclipse-SpringBoot-Maven/CasterL2HMI/target/application.css
2025-07-06 16:36:09 - CSS Error parsing file:/E:/Eclipse-SpringBoot-Maven/CasterL2HMI/target/mainView.css: Invalid color specification while parsing '-fx-background-color' at [14,39]
2025-07-06 16:36:10 - Loading FXML document with JavaFX API of version 23.0.1 by JavaFX runtime of version 21.0.7
2025-07-06 16:36:42 - Loading FXML document with JavaFX API of version 23.0.1 by JavaFX runtime of version 21.0.7
2025-07-06 16:36:46 - [Class: pt.cc.plan.persist.PlanDataPersister] [Method: persist] [Line: 59] - At Predestroy : Available plan in pool   
2
3

2025-07-06 16:36:46 - [Class: pt.cc.adapters.persistence.file.FileDataPersister] [Method: persist] [Line: 35] - [DefaultPlan [planId=49, planName=2, planCreationTime=Sat Jul 05 17:27:04 IST 2025], DefaultPlan [planId=50, planName=3, planCreationTime=Sat Jul 05 17:27:06 IST 2025]] Written to file
2025-07-06 16:36:46 - [Class: pt.cc.adapters.persistence.file.FileDataPersister] [Method: persist] [Line: 35] - [BaseHeat [heatName=8, steelGrade=Q235B, creationDate=Thu Jul 03 11:26:00 IST 2025, heatState=PLAN, heatId=41, planId=50, planName=3], BaseHeat [heatName=9, steelGrade=J1234, creationDate=Thu Jul 03 16:44:12 IST 2025, heatState=PLAN, heatId=43, planId=50, planName=3], BaseHeat [heatName=2, steelGrade=K1890, creationDate=Thu Jul 03 16:44:33 IST 2025, heatState=PLAN, heatId=45, planId=50, planName=3]] Written to file
2025-07-06 16:36:46 - [Class: pt.cc.heat.persist.HeatDataPersister] [Method: persist] [Line: 59] - At Predestroy : Available Heat in pool   
8 -- 3
9 -- 3
2 -- 3

2025-07-06 16:36:46 - [Class: pt.cc.adapters.persistence.file.FileDataPersister] [Method: persist] [Line: 35] - [BaseHeat [heatName=8, steelGrade=Q235B, creationDate=Thu Jul 03 11:26:00 IST 2025, heatState=PLAN, heatId=41, planId=50, planName=3], BaseHeat [heatName=9, steelGrade=J1234, creationDate=Thu Jul 03 16:44:12 IST 2025, heatState=PLAN, heatId=43, planId=50, planName=3], BaseHeat [heatName=2, steelGrade=K1890, creationDate=Thu Jul 03 16:44:33 IST 2025, heatState=PLAN, heatId=45, planId=50, planName=3]] Written to file
2025-07-06 16:55:40 - Starting application using Java 21.0.7 with PID 1936 (started by SURAJIT in E:\Eclipse-SpringBoot-Maven\CasterL2HMI)
2025-07-06 16:55:40 - No active profile set, falling back to 1 default profile: "default"
2025-07-06 16:55:41 - [Class: pt.cc.util.generator.IdGeneratorAdapter] [Method: init] [Line: 35] - appConfigPath E:\CasterL2\config.properties
2025-07-06 16:55:41 - [Class: pt.cc.util.generator.IdGeneratorAdapter] [Method: lambda$loadProperties$0] [Line: 91] - Properties Key : heat.heatId Value 50
2025-07-06 16:55:41 - [Class: pt.cc.util.generator.IdGeneratorAdapter] [Method: lambda$loadProperties$0] [Line: 91] - Properties Key : plan.planId Value 52
2025-07-06 16:55:41 - [Class: pt.cc.adapters.AbstractInitializer] [Method: checkObject] [Line: 21] - checking object for targetAdapterObject class pt.cc.adapters.DefaultCasterAdapter
2025-07-06 16:55:41 - [Class: pt.cc.adapters.AbstractInitializer] [Method: checkObject] [Line: 21] - checking object for targetAdapterObject class pt.cc.heat.impl.DefaultHeatPool
2025-07-06 16:55:41 - [Class: pt.cc.adapters.AbstractInitializer] [Method: checkObject] [Line: 29] - Field caster annotation class jdk.proxy2.$Proxy38
2025-07-06 16:55:41 - [Class: pt.cc.heat.persist.HeatDataPersister] [Method: init] [Line: 41] - file ser path E:\CasterL2\heats.ser
2025-07-06 16:55:41 - [Class: pt.cc.adapters.persistence.file.FileDataReader] [Method: read] [Line: 48] - class pt.cc.heat.persist.HeatDataReader: reading back objects archived on  with version 1.0
2025-07-06 16:55:41 - [Class: pt.cc.adapters.persistence.file.FileDataReader] [Method: read] [Line: 48] - class pt.cc.plan.persist.PlanDataReader: reading back objects archived on  with version 1.0
2025-07-06 16:55:41 - Started application in 2.055 seconds (process running for 3.118)
2025-07-06 16:55:41 - Loading FXML document with JavaFX API of version 23.0.1 by JavaFX runtime of version 21.0.7
2025-07-06 16:55:41 - Could not find stylesheet: file:/E:/Eclipse-SpringBoot-Maven/CasterL2HMI/target/application.css
2025-07-06 16:55:41 - CSS Error parsing file:/E:/Eclipse-SpringBoot-Maven/CasterL2HMI/target/mainView.css: Invalid color specification while parsing '-fx-background-color' at [14,39]
2025-07-06 16:55:43 - Loading FXML document with JavaFX API of version 23.0.1 by JavaFX runtime of version 21.0.7
2025-07-06 16:55:47 - Loading FXML document with JavaFX API of version 23.0.1 by JavaFX runtime of version 21.0.7
2025-07-06 16:55:52 - [Class: pt.cc.plan.persist.PlanDataPersister] [Method: persist] [Line: 59] - At Predestroy : Available plan in pool   
2
3

2025-07-06 16:55:52 - [Class: pt.cc.adapters.persistence.file.FileDataPersister] [Method: persist] [Line: 35] - [DefaultPlan [planId=49, planName=2, planCreationTime=Sat Jul 05 17:27:04 IST 2025], DefaultPlan [planId=50, planName=3, planCreationTime=Sat Jul 05 17:27:06 IST 2025]] Written to file
2025-07-06 16:55:52 - [Class: pt.cc.adapters.persistence.file.FileDataPersister] [Method: persist] [Line: 35] - [BaseHeat [heatName=8, steelGrade=Q235B, creationDate=Thu Jul 03 11:26:00 IST 2025, heatState=PLAN, heatId=41, planId=50, planName=3], BaseHeat [heatName=9, steelGrade=J1234, creationDate=Thu Jul 03 16:44:12 IST 2025, heatState=PLAN, heatId=43, planId=50, planName=3], BaseHeat [heatName=2, steelGrade=K1890, creationDate=Thu Jul 03 16:44:33 IST 2025, heatState=PLAN, heatId=45, planId=50, planName=3]] Written to file
2025-07-06 16:55:52 - [Class: pt.cc.heat.persist.HeatDataPersister] [Method: persist] [Line: 59] - At Predestroy : Available Heat in pool   
8 -- 3
9 -- 3
2 -- 3

2025-07-06 16:55:52 - [Class: pt.cc.adapters.persistence.file.FileDataPersister] [Method: persist] [Line: 35] - [BaseHeat [heatName=8, steelGrade=Q235B, creationDate=Thu Jul 03 11:26:00 IST 2025, heatState=PLAN, heatId=41, planId=50, planName=3], BaseHeat [heatName=9, steelGrade=J1234, creationDate=Thu Jul 03 16:44:12 IST 2025, heatState=PLAN, heatId=43, planId=50, planName=3], BaseHeat [heatName=2, steelGrade=K1890, creationDate=Thu Jul 03 16:44:33 IST 2025, heatState=PLAN, heatId=45, planId=50, planName=3]] Written to file
2025-07-06 16:57:19 - Starting application using Java 21.0.7 with PID 7456 (started by SURAJIT in E:\Eclipse-SpringBoot-Maven\CasterL2HMI)
2025-07-06 16:57:19 - No active profile set, falling back to 1 default profile: "default"
2025-07-06 16:57:20 - [Class: pt.cc.util.generator.IdGeneratorAdapter] [Method: init] [Line: 35] - appConfigPath E:\CasterL2\config.properties
2025-07-06 16:57:20 - [Class: pt.cc.util.generator.IdGeneratorAdapter] [Method: lambda$loadProperties$0] [Line: 91] - Properties Key : heat.heatId Value 50
2025-07-06 16:57:20 - [Class: pt.cc.util.generator.IdGeneratorAdapter] [Method: lambda$loadProperties$0] [Line: 91] - Properties Key : plan.planId Value 52
2025-07-06 16:57:20 - [Class: pt.cc.adapters.AbstractInitializer] [Method: checkObject] [Line: 21] - checking object for targetAdapterObject class pt.cc.adapters.DefaultCasterAdapter
2025-07-06 16:57:20 - [Class: pt.cc.adapters.AbstractInitializer] [Method: checkObject] [Line: 21] - checking object for targetAdapterObject class pt.cc.heat.impl.DefaultHeatPool
2025-07-06 16:57:20 - [Class: pt.cc.adapters.AbstractInitializer] [Method: checkObject] [Line: 29] - Field caster annotation class jdk.proxy2.$Proxy38
2025-07-06 16:57:21 - [Class: pt.cc.heat.persist.HeatDataPersister] [Method: init] [Line: 41] - file ser path E:\CasterL2\heats.ser
2025-07-06 16:57:21 - [Class: pt.cc.adapters.persistence.file.FileDataReader] [Method: read] [Line: 48] - class pt.cc.heat.persist.HeatDataReader: reading back objects archived on  with version 1.0
2025-07-06 16:57:21 - [Class: pt.cc.adapters.persistence.file.FileDataReader] [Method: read] [Line: 48] - class pt.cc.plan.persist.PlanDataReader: reading back objects archived on  with version 1.0
2025-07-06 16:57:21 - Started application in 2.13 seconds (process running for 3.185)
2025-07-06 16:57:21 - Loading FXML document with JavaFX API of version 23.0.1 by JavaFX runtime of version 21.0.7
2025-07-06 16:57:21 - Could not find stylesheet: file:/E:/Eclipse-SpringBoot-Maven/CasterL2HMI/target/application.css
2025-07-06 16:57:21 - CSS Error parsing file:/E:/Eclipse-SpringBoot-Maven/CasterL2HMI/target/mainView.css: Invalid color specification while parsing '-fx-background-color' at [14,39]
2025-07-06 16:57:23 - Loading FXML document with JavaFX API of version 23.0.1 by JavaFX runtime of version 21.0.7
2025-07-06 16:57:26 - Loading FXML document with JavaFX API of version 23.0.1 by JavaFX runtime of version 21.0.7
2025-07-06 16:57:27 - Loading FXML document with JavaFX API of version 23.0.1 by JavaFX runtime of version 21.0.7
2025-07-06 16:57:28 - [Class: pt.cc.plan.persist.PlanDataPersister] [Method: persist] [Line: 59] - At Predestroy : Available plan in pool   
2
3

2025-07-06 16:57:28 - [Class: pt.cc.adapters.persistence.file.FileDataPersister] [Method: persist] [Line: 35] - [DefaultPlan [planId=49, planName=2, planCreationTime=Sat Jul 05 17:27:04 IST 2025], DefaultPlan [planId=50, planName=3, planCreationTime=Sat Jul 05 17:27:06 IST 2025]] Written to file
2025-07-06 16:57:28 - [Class: pt.cc.adapters.persistence.file.FileDataPersister] [Method: persist] [Line: 35] - [BaseHeat [heatName=8, steelGrade=Q235B, creationDate=Thu Jul 03 11:26:00 IST 2025, heatState=PLAN, heatId=41, planId=50, planName=3], BaseHeat [heatName=9, steelGrade=J1234, creationDate=Thu Jul 03 16:44:12 IST 2025, heatState=PLAN, heatId=43, planId=50, planName=3], BaseHeat [heatName=2, steelGrade=K1890, creationDate=Thu Jul 03 16:44:33 IST 2025, heatState=PLAN, heatId=45, planId=50, planName=3]] Written to file
2025-07-06 16:57:28 - [Class: pt.cc.heat.persist.HeatDataPersister] [Method: persist] [Line: 59] - At Predestroy : Available Heat in pool   
8 -- 3
9 -- 3
2 -- 3

2025-07-06 16:57:28 - [Class: pt.cc.adapters.persistence.file.FileDataPersister] [Method: persist] [Line: 35] - [BaseHeat [heatName=8, steelGrade=Q235B, creationDate=Thu Jul 03 11:26:00 IST 2025, heatState=PLAN, heatId=41, planId=50, planName=3], BaseHeat [heatName=9, steelGrade=J1234, creationDate=Thu Jul 03 16:44:12 IST 2025, heatState=PLAN, heatId=43, planId=50, planName=3], BaseHeat [heatName=2, steelGrade=K1890, creationDate=Thu Jul 03 16:44:33 IST 2025, heatState=PLAN, heatId=45, planId=50, planName=3]] Written to file
2025-07-06 16:58:48 - Starting application using Java 21.0.7 with PID 3624 (started by SURAJIT in E:\Eclipse-SpringBoot-Maven\CasterL2HMI)
2025-07-06 16:58:48 - No active profile set, falling back to 1 default profile: "default"
2025-07-06 16:58:49 - [Class: pt.cc.util.generator.IdGeneratorAdapter] [Method: init] [Line: 35] - appConfigPath E:\CasterL2\config.properties
2025-07-06 16:58:49 - [Class: pt.cc.util.generator.IdGeneratorAdapter] [Method: lambda$loadProperties$0] [Line: 91] - Properties Key : heat.heatId Value 50
2025-07-06 16:58:49 - [Class: pt.cc.util.generator.IdGeneratorAdapter] [Method: lambda$loadProperties$0] [Line: 91] - Properties Key : plan.planId Value 52
2025-07-06 16:58:49 - [Class: pt.cc.adapters.AbstractInitializer] [Method: checkObject] [Line: 21] - checking object for targetAdapterObject class pt.cc.adapters.DefaultCasterAdapter
2025-07-06 16:58:49 - [Class: pt.cc.adapters.AbstractInitializer] [Method: checkObject] [Line: 21] - checking object for targetAdapterObject class pt.cc.heat.impl.DefaultHeatPool
2025-07-06 16:58:49 - [Class: pt.cc.adapters.AbstractInitializer] [Method: checkObject] [Line: 29] - Field caster annotation class jdk.proxy2.$Proxy38
2025-07-06 16:58:49 - [Class: pt.cc.heat.persist.HeatDataPersister] [Method: init] [Line: 41] - file ser path E:\CasterL2\heats.ser
2025-07-06 16:58:49 - [Class: pt.cc.adapters.persistence.file.FileDataReader] [Method: read] [Line: 48] - class pt.cc.heat.persist.HeatDataReader: reading back objects archived on  with version 1.0
2025-07-06 16:58:49 - [Class: pt.cc.adapters.persistence.file.FileDataReader] [Method: read] [Line: 48] - class pt.cc.plan.persist.PlanDataReader: reading back objects archived on  with version 1.0
2025-07-06 16:58:49 - Started application in 2.166 seconds (process running for 3.227)
2025-07-06 16:58:49 - Loading FXML document with JavaFX API of version 23.0.1 by JavaFX runtime of version 21.0.7
2025-07-06 16:58:49 - Could not find stylesheet: file:/E:/Eclipse-SpringBoot-Maven/CasterL2HMI/target/application.css
2025-07-06 16:58:49 - CSS Error parsing file:/E:/Eclipse-SpringBoot-Maven/CasterL2HMI/target/mainView.css: Invalid color specification while parsing '-fx-background-color' at [14,39]
2025-07-06 16:58:51 - Loading FXML document with JavaFX API of version 23.0.1 by JavaFX runtime of version 21.0.7
2025-07-06 16:58:54 - Loading FXML document with JavaFX API of version 23.0.1 by JavaFX runtime of version 21.0.7
2025-07-06 16:58:55 - [Class: pt.cc.plan.persist.PlanDataPersister] [Method: persist] [Line: 59] - At Predestroy : Available plan in pool   
2
3

2025-07-06 16:58:55 - [Class: pt.cc.adapters.persistence.file.FileDataPersister] [Method: persist] [Line: 35] - [DefaultPlan [planId=49, planName=2, planCreationTime=Sat Jul 05 17:27:04 IST 2025], DefaultPlan [planId=50, planName=3, planCreationTime=Sat Jul 05 17:27:06 IST 2025]] Written to file
2025-07-06 16:58:55 - [Class: pt.cc.adapters.persistence.file.FileDataPersister] [Method: persist] [Line: 35] - [BaseHeat [heatName=8, steelGrade=Q235B, creationDate=Thu Jul 03 11:26:00 IST 2025, heatState=PLAN, heatId=41, planId=50, planName=3], BaseHeat [heatName=9, steelGrade=J1234, creationDate=Thu Jul 03 16:44:12 IST 2025, heatState=PLAN, heatId=43, planId=50, planName=3], BaseHeat [heatName=2, steelGrade=K1890, creationDate=Thu Jul 03 16:44:33 IST 2025, heatState=PLAN, heatId=45, planId=50, planName=3]] Written to file
2025-07-06 16:58:55 - [Class: pt.cc.heat.persist.HeatDataPersister] [Method: persist] [Line: 59] - At Predestroy : Available Heat in pool   
8 -- 3
9 -- 3
2 -- 3

2025-07-06 16:58:55 - [Class: pt.cc.adapters.persistence.file.FileDataPersister] [Method: persist] [Line: 35] - [BaseHeat [heatName=8, steelGrade=Q235B, creationDate=Thu Jul 03 11:26:00 IST 2025, heatState=PLAN, heatId=41, planId=50, planName=3], BaseHeat [heatName=9, steelGrade=J1234, creationDate=Thu Jul 03 16:44:12 IST 2025, heatState=PLAN, heatId=43, planId=50, planName=3], BaseHeat [heatName=2, steelGrade=K1890, creationDate=Thu Jul 03 16:44:33 IST 2025, heatState=PLAN, heatId=45, planId=50, planName=3]] Written to file
2025-07-06 17:00:56 - Starting application using Java 21.0.7 with PID 3664 (started by SURAJIT in E:\Eclipse-SpringBoot-Maven\CasterL2HMI)
2025-07-06 17:00:56 - No active profile set, falling back to 1 default profile: "default"
2025-07-06 17:00:57 - [Class: pt.cc.util.generator.IdGeneratorAdapter] [Method: init] [Line: 35] - appConfigPath E:\CasterL2\config.properties
2025-07-06 17:00:57 - [Class: pt.cc.util.generator.IdGeneratorAdapter] [Method: lambda$loadProperties$0] [Line: 91] - Properties Key : heat.heatId Value 50
2025-07-06 17:00:57 - [Class: pt.cc.util.generator.IdGeneratorAdapter] [Method: lambda$loadProperties$0] [Line: 91] - Properties Key : plan.planId Value 52
2025-07-06 17:00:57 - [Class: pt.cc.adapters.AbstractInitializer] [Method: checkObject] [Line: 21] - checking object for targetAdapterObject class pt.cc.adapters.DefaultCasterAdapter
2025-07-06 17:00:57 - [Class: pt.cc.adapters.AbstractInitializer] [Method: checkObject] [Line: 21] - checking object for targetAdapterObject class pt.cc.heat.impl.DefaultHeatPool
2025-07-06 17:00:57 - [Class: pt.cc.adapters.AbstractInitializer] [Method: checkObject] [Line: 29] - Field caster annotation class jdk.proxy2.$Proxy38
2025-07-06 17:00:57 - [Class: pt.cc.heat.persist.HeatDataPersister] [Method: init] [Line: 41] - file ser path E:\CasterL2\heats.ser
2025-07-06 17:00:57 - [Class: pt.cc.adapters.persistence.file.FileDataReader] [Method: read] [Line: 48] - class pt.cc.heat.persist.HeatDataReader: reading back objects archived on  with version 1.0
2025-07-06 17:00:57 - [Class: pt.cc.adapters.persistence.file.FileDataReader] [Method: read] [Line: 48] - class pt.cc.plan.persist.PlanDataReader: reading back objects archived on  with version 1.0
2025-07-06 17:00:57 - Started application in 2.09 seconds (process running for 3.187)
2025-07-06 17:00:57 - Loading FXML document with JavaFX API of version 23.0.1 by JavaFX runtime of version 21.0.7
2025-07-06 17:00:57 - Could not find stylesheet: file:/E:/Eclipse-SpringBoot-Maven/CasterL2HMI/target/application.css
2025-07-06 17:00:57 - CSS Error parsing file:/E:/Eclipse-SpringBoot-Maven/CasterL2HMI/target/mainView.css: Invalid color specification while parsing '-fx-background-color' at [14,39]
2025-07-06 17:00:58 - Loading FXML document with JavaFX API of version 23.0.1 by JavaFX runtime of version 21.0.7
2025-07-06 17:01:01 - Loading FXML document with JavaFX API of version 23.0.1 by JavaFX runtime of version 21.0.7
2025-07-06 17:01:13 - [Class: pt.cc.plan.persist.PlanDataPersister] [Method: persist] [Line: 59] - At Predestroy : Available plan in pool   
2
3

2025-07-06 17:01:13 - [Class: pt.cc.adapters.persistence.file.FileDataPersister] [Method: persist] [Line: 35] - [DefaultPlan [planId=49, planName=2, planCreationTime=Sat Jul 05 17:27:04 IST 2025], DefaultPlan [planId=50, planName=3, planCreationTime=Sat Jul 05 17:27:06 IST 2025]] Written to file
2025-07-06 17:01:13 - [Class: pt.cc.adapters.persistence.file.FileDataPersister] [Method: persist] [Line: 35] - [BaseHeat [heatName=8, steelGrade=Q235B, creationDate=Thu Jul 03 11:26:00 IST 2025, heatState=PLAN, heatId=41, planId=50, planName=3], BaseHeat [heatName=9, steelGrade=J1234, creationDate=Thu Jul 03 16:44:12 IST 2025, heatState=PLAN, heatId=43, planId=50, planName=3], BaseHeat [heatName=2, steelGrade=K1890, creationDate=Thu Jul 03 16:44:33 IST 2025, heatState=PLAN, heatId=45, planId=50, planName=3]] Written to file
2025-07-06 17:01:13 - [Class: pt.cc.heat.persist.HeatDataPersister] [Method: persist] [Line: 59] - At Predestroy : Available Heat in pool   
8 -- 3
9 -- 3
2 -- 3

2025-07-06 17:01:13 - [Class: pt.cc.adapters.persistence.file.FileDataPersister] [Method: persist] [Line: 35] - [BaseHeat [heatName=8, steelGrade=Q235B, creationDate=Thu Jul 03 11:26:00 IST 2025, heatState=PLAN, heatId=41, planId=50, planName=3], BaseHeat [heatName=9, steelGrade=J1234, creationDate=Thu Jul 03 16:44:12 IST 2025, heatState=PLAN, heatId=43, planId=50, planName=3], BaseHeat [heatName=2, steelGrade=K1890, creationDate=Thu Jul 03 16:44:33 IST 2025, heatState=PLAN, heatId=45, planId=50, planName=3]] Written to file
