2025-07-03 13:26:12.456  INFO pt.cc.main.CasterL2Application:?:? - Starting CasterL2Application using Java 21.0.7 with PID 2508 (E:\Eclipse-SpringBoot-Maven\CasterL2\target\classes started by SURAJIT in E:\Eclipse-SpringBoot-Maven\CasterL2)
2025-07-03 13:26:12.459  INFO pt.cc.main.CasterL2Application:?:? - No active profile set, falling back to 1 default profile: "default"
2025-07-03 13:26:13.088  INFO pt.cc.log.LoggerService:?:? - AbstractInitializer init called 
2025-07-03 13:26:13.088  INFO pt.cc.log.LoggerService:?:? - checking object for targetAdapterObject class pt.cc.adapters.DefaultCasterAdapter
2025-07-03 13:26:13.107  INFO pt.cc.log.LoggerService:?:? - Properties Key : heat.heatId Value 41
2025-07-03 13:26:13.107  INFO pt.cc.log.LoggerService:?:? - Properties Key : plan.planId Value 39
2025-07-03 13:26:13.119  INFO pt.cc.log.LoggerService:?:? - AbstractInitializer init called 
2025-07-03 13:26:13.119  INFO pt.cc.log.LoggerService:?:? - checking object for targetAdapterObject class pt.cc.heat.impl.DefaultHeatPool
2025-07-03 13:26:13.119  INFO pt.cc.log.LoggerService:?:? - Field caster annotation class jdk.proxy2.$Proxy40
2025-07-03 13:26:13.146  INFO pt.cc.log.LoggerService:?:? - Error Occured as filter status: REJECTED
2025-07-03 13:26:13.167  INFO pt.cc.log.LoggerService:?:? - Error Occured as filter status: REJECTED
2025-07-03 13:26:13.267  INFO pt.cc.main.CasterL2Application:?:? - Started CasterL2Application in 1.87 seconds (process running for 2.559)
2025-07-12 13:51:30 - Starting application using Java 21.0.7 with PID 8104 (started by SURAJIT in E:\Eclipse-SpringBoot-Maven\CasterL2HMI)
2025-07-12 13:51:30 - No active profile set, falling back to 1 default profile: "default"
2025-07-12 13:51:31 - Exception encountered during context initialization - cancelling refresh attempt: org.springframework.beans.factory.BeanCreationException: Error creating bean with name 'casterProperties': Injection of autowired dependencies failed
2025-07-12 13:51:31 - 

Error starting ApplicationContext. To display the condition evaluation report re-run your application with 'debug' enabled.
2025-07-12 13:51:31 - Application run failed
org.springframework.beans.factory.BeanCreationException: Error creating bean with name 'casterProperties': Injection of autowired dependencies failed
	at org.springframework.beans.factory.annotation.AutowiredAnnotationBeanPostProcessor.postProcessProperties(AutowiredAnnotationBeanPostProcessor.java:498)
	at org.springframework.beans.factory.support.AbstractAutowireCapableBeanFactory.populateBean(AbstractAutowireCapableBeanFactory.java:1447)
	at org.springframework.beans.factory.support.AbstractAutowireCapableBeanFactory.doCreateBean(AbstractAutowireCapableBeanFactory.java:603)
	at org.springframework.beans.factory.support.AbstractAutowireCapableBeanFactory.createBean(AbstractAutowireCapableBeanFactory.java:526)
	at org.springframework.beans.factory.support.AbstractBeanFactory.lambda$doGetBean$0(AbstractBeanFactory.java:333)
	at org.springframework.beans.factory.support.DefaultSingletonBeanRegistry.getSingleton(DefaultSingletonBeanRegistry.java:371)
	at org.springframework.beans.factory.support.AbstractBeanFactory.doGetBean(AbstractBeanFactory.java:331)
	at org.springframework.beans.factory.support.AbstractBeanFactory.getBean(AbstractBeanFactory.java:196)
	at org.springframework.beans.factory.support.DefaultListableBeanFactory.instantiateSingleton(DefaultListableBeanFactory.java:1207)
	at org.springframework.beans.factory.support.DefaultListableBeanFactory.preInstantiateSingleton(DefaultListableBeanFactory.java:1173)
	at org.springframework.beans.factory.support.DefaultListableBeanFactory.preInstantiateSingletons(DefaultListableBeanFactory.java:1109)
	at org.springframework.context.support.AbstractApplicationContext.finishBeanFactoryInitialization(AbstractApplicationContext.java:977)
	at org.springframework.context.support.AbstractApplicationContext.refresh(AbstractApplicationContext.java:617)
	at org.springframework.boot.SpringApplication.refresh(SpringApplication.java:737)
	at org.springframework.boot.SpringApplication.refreshContext(SpringApplication.java:435)
	at org.springframework.boot.SpringApplication.run(SpringApplication.java:315)
	at org.springframework.boot.SpringApplication.run(SpringApplication.java:1344)
	at org.springframework.boot.SpringApplication.run(SpringApplication.java:1333)
	at pt.cc.hmi.L2HMI.<clinit>(L2HMI.java:25)
	at java.base/java.lang.Class.forName0(Native Method)
	at java.base/java.lang.Class.forName(Class.java:534)
	at java.base/java.lang.Class.forName(Class.java:513)
	at javafx.graphics@21.0.7/com.sun.javafx.application.LauncherImpl.loadClass(LauncherImpl.java:383)
	at javafx.graphics@21.0.7/com.sun.javafx.application.LauncherImpl.lambda$launchApplicationWithArgs$3(LauncherImpl.java:421)
	at javafx.graphics@21.0.7/com.sun.javafx.application.PlatformImpl.lambda$runAndWait$12(PlatformImpl.java:483)
	at javafx.graphics@21.0.7/com.sun.javafx.application.PlatformImpl.lambda$runLater$10(PlatformImpl.java:456)
	at java.base/java.security.AccessController.doPrivileged(AccessController.java:400)
	at javafx.graphics@21.0.7/com.sun.javafx.application.PlatformImpl.lambda$runLater$11(PlatformImpl.java:455)
	at javafx.graphics@21.0.7/com.sun.glass.ui.InvokeLaterDispatcher$Future.run(InvokeLaterDispatcher.java:95)
	at javafx.graphics@21.0.7/com.sun.glass.ui.win.WinApplication._runLoop(Native Method)
	at javafx.graphics@21.0.7/com.sun.glass.ui.win.WinApplication.lambda$runLoop$3(WinApplication.java:185)
	at java.base/java.lang.Thread.run(Thread.java:1583)
Caused by: org.springframework.util.PlaceholderResolutionException: Could not resolve placeholder 'fxml-suffix' in value "${fxml-suffix}"
	at org.springframework.util.PlaceholderResolutionException.withValue(PlaceholderResolutionException.java:81)
	at org.springframework.util.PlaceholderParser$ParsedValue.resolve(PlaceholderParser.java:419)
	at org.springframework.util.PlaceholderParser.replacePlaceholders(PlaceholderParser.java:126)
	at org.springframework.util.PropertyPlaceholderHelper.parseStringValue(PropertyPlaceholderHelper.java:100)
	at org.springframework.util.PropertyPlaceholderHelper.replacePlaceholders(PropertyPlaceholderHelper.java:96)
	at org.springframework.core.env.AbstractPropertyResolver.doResolvePlaceholders(AbstractPropertyResolver.java:286)
	at org.springframework.core.env.AbstractPropertyResolver.resolveRequiredPlaceholders(AbstractPropertyResolver.java:257)
	at org.springframework.context.support.PropertySourcesPlaceholderConfigurer.lambda$processProperties$0(PropertySourcesPlaceholderConfigurer.java:184)
	at org.springframework.beans.factory.support.AbstractBeanFactory.resolveEmbeddedValue(AbstractBeanFactory.java:960)
	at org.springframework.beans.factory.support.DefaultListableBeanFactory.doResolveDependency(DefaultListableBeanFactory.java:1642)
	at org.springframework.beans.factory.support.DefaultListableBeanFactory.resolveDependency(DefaultListableBeanFactory.java:1621)
	at org.springframework.beans.factory.annotation.AutowiredAnnotationBeanPostProcessor$AutowiredFieldElement.resolveFieldValue(AutowiredAnnotationBeanPostProcessor.java:764)
	at org.springframework.beans.factory.annotation.AutowiredAnnotationBeanPostProcessor$AutowiredFieldElement.inject(AutowiredAnnotationBeanPostProcessor.java:748)
	at org.springframework.beans.factory.annotation.InjectionMetadata.inject(InjectionMetadata.java:146)
	at org.springframework.beans.factory.annotation.AutowiredAnnotationBeanPostProcessor.postProcessProperties(AutowiredAnnotationBeanPostProcessor.java:492)
	... 31 common frames omitted
2025-07-12 13:52:32 - Starting application using Java 21.0.7 with PID 4140 (started by SURAJIT in E:\Eclipse-SpringBoot-Maven\CasterL2HMI)
2025-07-12 13:52:32 - No active profile set, falling back to 1 default profile: "default"
2025-07-12 13:52:33 - Exception encountered during context initialization - cancelling refresh attempt: org.springframework.beans.factory.BeanCreationException: Error creating bean with name 'casterProperties': Injection of autowired dependencies failed
2025-07-12 13:52:33 - 

Error starting ApplicationContext. To display the condition evaluation report re-run your application with 'debug' enabled.
2025-07-12 13:52:33 - Application run failed
org.springframework.beans.factory.BeanCreationException: Error creating bean with name 'casterProperties': Injection of autowired dependencies failed
	at org.springframework.beans.factory.annotation.AutowiredAnnotationBeanPostProcessor.postProcessProperties(AutowiredAnnotationBeanPostProcessor.java:498)
	at org.springframework.beans.factory.support.AbstractAutowireCapableBeanFactory.populateBean(AbstractAutowireCapableBeanFactory.java:1447)
	at org.springframework.beans.factory.support.AbstractAutowireCapableBeanFactory.doCreateBean(AbstractAutowireCapableBeanFactory.java:603)
	at org.springframework.beans.factory.support.AbstractAutowireCapableBeanFactory.createBean(AbstractAutowireCapableBeanFactory.java:526)
	at org.springframework.beans.factory.support.AbstractBeanFactory.lambda$doGetBean$0(AbstractBeanFactory.java:333)
	at org.springframework.beans.factory.support.DefaultSingletonBeanRegistry.getSingleton(DefaultSingletonBeanRegistry.java:371)
	at org.springframework.beans.factory.support.AbstractBeanFactory.doGetBean(AbstractBeanFactory.java:331)
	at org.springframework.beans.factory.support.AbstractBeanFactory.getBean(AbstractBeanFactory.java:196)
	at org.springframework.beans.factory.support.DefaultListableBeanFactory.instantiateSingleton(DefaultListableBeanFactory.java:1207)
	at org.springframework.beans.factory.support.DefaultListableBeanFactory.preInstantiateSingleton(DefaultListableBeanFactory.java:1173)
	at org.springframework.beans.factory.support.DefaultListableBeanFactory.preInstantiateSingletons(DefaultListableBeanFactory.java:1109)
	at org.springframework.context.support.AbstractApplicationContext.finishBeanFactoryInitialization(AbstractApplicationContext.java:977)
	at org.springframework.context.support.AbstractApplicationContext.refresh(AbstractApplicationContext.java:617)
	at org.springframework.boot.SpringApplication.refresh(SpringApplication.java:737)
	at org.springframework.boot.SpringApplication.refreshContext(SpringApplication.java:435)
	at org.springframework.boot.SpringApplication.run(SpringApplication.java:315)
	at org.springframework.boot.SpringApplication.run(SpringApplication.java:1344)
	at org.springframework.boot.SpringApplication.run(SpringApplication.java:1333)
	at pt.cc.hmi.L2HMI.<clinit>(L2HMI.java:25)
	at java.base/java.lang.Class.forName0(Native Method)
	at java.base/java.lang.Class.forName(Class.java:534)
	at java.base/java.lang.Class.forName(Class.java:513)
	at javafx.graphics@21.0.7/com.sun.javafx.application.LauncherImpl.loadClass(LauncherImpl.java:383)
	at javafx.graphics@21.0.7/com.sun.javafx.application.LauncherImpl.lambda$launchApplicationWithArgs$3(LauncherImpl.java:421)
	at javafx.graphics@21.0.7/com.sun.javafx.application.PlatformImpl.lambda$runAndWait$12(PlatformImpl.java:483)
	at javafx.graphics@21.0.7/com.sun.javafx.application.PlatformImpl.lambda$runLater$10(PlatformImpl.java:456)
	at java.base/java.security.AccessController.doPrivileged(AccessController.java:400)
	at javafx.graphics@21.0.7/com.sun.javafx.application.PlatformImpl.lambda$runLater$11(PlatformImpl.java:455)
	at javafx.graphics@21.0.7/com.sun.glass.ui.InvokeLaterDispatcher$Future.run(InvokeLaterDispatcher.java:95)
	at javafx.graphics@21.0.7/com.sun.glass.ui.win.WinApplication._runLoop(Native Method)
	at javafx.graphics@21.0.7/com.sun.glass.ui.win.WinApplication.lambda$runLoop$3(WinApplication.java:185)
	at java.base/java.lang.Thread.run(Thread.java:1583)
Caused by: org.springframework.util.PlaceholderResolutionException: Could not resolve placeholder 'fxml-suffix' in value "${fxml-suffix}"
	at org.springframework.util.PlaceholderResolutionException.withValue(PlaceholderResolutionException.java:81)
	at org.springframework.util.PlaceholderParser$ParsedValue.resolve(PlaceholderParser.java:419)
	at org.springframework.util.PlaceholderParser.replacePlaceholders(PlaceholderParser.java:126)
	at org.springframework.util.PropertyPlaceholderHelper.parseStringValue(PropertyPlaceholderHelper.java:100)
	at org.springframework.util.PropertyPlaceholderHelper.replacePlaceholders(PropertyPlaceholderHelper.java:96)
	at org.springframework.core.env.AbstractPropertyResolver.doResolvePlaceholders(AbstractPropertyResolver.java:286)
	at org.springframework.core.env.AbstractPropertyResolver.resolveRequiredPlaceholders(AbstractPropertyResolver.java:257)
	at org.springframework.context.support.PropertySourcesPlaceholderConfigurer.lambda$processProperties$0(PropertySourcesPlaceholderConfigurer.java:184)
	at org.springframework.beans.factory.support.AbstractBeanFactory.resolveEmbeddedValue(AbstractBeanFactory.java:960)
	at org.springframework.beans.factory.support.DefaultListableBeanFactory.doResolveDependency(DefaultListableBeanFactory.java:1642)
	at org.springframework.beans.factory.support.DefaultListableBeanFactory.resolveDependency(DefaultListableBeanFactory.java:1621)
	at org.springframework.beans.factory.annotation.AutowiredAnnotationBeanPostProcessor$AutowiredFieldElement.resolveFieldValue(AutowiredAnnotationBeanPostProcessor.java:764)
	at org.springframework.beans.factory.annotation.AutowiredAnnotationBeanPostProcessor$AutowiredFieldElement.inject(AutowiredAnnotationBeanPostProcessor.java:748)
	at org.springframework.beans.factory.annotation.InjectionMetadata.inject(InjectionMetadata.java:146)
	at org.springframework.beans.factory.annotation.AutowiredAnnotationBeanPostProcessor.postProcessProperties(AutowiredAnnotationBeanPostProcessor.java:492)
	... 31 common frames omitted
2025-07-12 13:56:28 - Starting application using Java 21.0.7 with PID 4936 (started by SURAJIT in E:\Eclipse-SpringBoot-Maven\CasterL2HMI)
2025-07-12 13:56:28 - No active profile set, falling back to 1 default profile: "default"
2025-07-12 13:56:29 - [Class: pt.cc.adapters.AbstractInitializer] [Method: checkObject] [Line: 21] - checking object for targetAdapterObject class pt.cc.adapters.DefaultCasterAdapter
2025-07-12 13:56:29 - [Class: pt.cc.util.generator.IdGeneratorAdapter] [Method: init] [Line: 35] - appConfigPath E:\CasterL2\config.properties
2025-07-12 13:56:29 - [Class: pt.cc.util.generator.IdGeneratorAdapter] [Method: lambda$0] [Line: 91] - Properties Key : plan.planProductId Value 28
2025-07-12 13:56:29 - [Class: pt.cc.util.generator.IdGeneratorAdapter] [Method: lambda$0] [Line: 91] - Properties Key : heat.heatId Value 76
2025-07-12 13:56:29 - [Class: pt.cc.util.generator.IdGeneratorAdapter] [Method: lambda$0] [Line: 91] - Properties Key : plan.planId Value 98
2025-07-12 13:56:29 - [Class: pt.cc.adapters.AbstractInitializer] [Method: checkObject] [Line: 21] - checking object for targetAdapterObject class pt.cc.heat.impl.DefaultHeatPool
2025-07-12 13:56:29 - [Class: pt.cc.adapters.AbstractInitializer] [Method: checkObject] [Line: 29] - Field caster annotation class jdk.proxy2.$Proxy40
2025-07-12 13:56:29 - [Class: pt.cc.heat.persist.HeatDataPersister] [Method: init] [Line: 41] - file ser path E:\CasterL2\heats.ser
2025-07-12 13:56:29 - [Class: pt.cc.adapters.persistence.file.FileDataReader] [Method: read] [Line: 48] - class pt.cc.heat.persist.HeatDataReader: reading back objects archived on  with version 1.0
2025-07-12 13:56:29 - [Class: pt.cc.adapters.persistence.file.FileDataReader] [Method: read] [Line: 48] - class pt.cc.plan.persist.PlanDataReader: reading back objects archived on  with version 1.0
2025-07-12 13:56:29 - Started application in 1.601 seconds (process running for 2.319)
2025-07-12 13:56:29 - Loading FXML document with JavaFX API of version 23.0.1 by JavaFX runtime of version 21.0.7
2025-07-12 13:56:30 - Could not find stylesheet: file:/E:/Eclipse-SpringBoot-Maven/CasterL2HMI/target/application.css
2025-07-12 13:56:30 - Could not find stylesheet: file:/E:/Eclipse-SpringBoot-Maven/CasterL2HMI/target/mainView.css
2025-07-12 13:56:31 - Loading FXML document with JavaFX API of version 23.0.1 by JavaFX runtime of version 21.0.7
2025-07-12 13:56:37 - Loading FXML document with JavaFX API of version 23.0.1 by JavaFX runtime of version 21.0.7
2025-07-12 13:56:39 - Loading FXML document with JavaFX API of version 23.0.1 by JavaFX runtime of version 21.0.7
2025-07-12 13:56:51 - [Class: pt.cc.plan.persist.PlanDataPersister] [Method: persist] [Line: 59] - At Predestroy : Available plan in pool   
1

2025-07-12 13:56:51 - [Class: pt.cc.adapters.persistence.file.FileDataPersister] [Method: persist] [Line: 35] - [DefaultPlan [planId=98, planName=1, totalWeight=0.0, planCreationTime=Fri Jul 11 16:51:56 IST 2025, plannedProducts=[]]] Written to file
2025-07-12 13:56:51 - [Class: pt.cc.adapters.persistence.file.FileDataPersister] [Method: persist] [Line: 35] - [BaseHeat [heatName=2, netWeight=2.0, steelGrade=K1890, openTime=null, heatState=PLAN, heatId=76, planId=93, planName=4]] Written to file
2025-07-12 13:56:51 - [Class: pt.cc.heat.persist.HeatDataPersister] [Method: persist] [Line: 59] - At Predestroy : Available Heat in pool   
2 -- 4

2025-07-12 13:56:51 - [Class: pt.cc.adapters.persistence.file.FileDataPersister] [Method: persist] [Line: 35] - [BaseHeat [heatName=2, netWeight=2.0, steelGrade=K1890, openTime=null, heatState=PLAN, heatId=76, planId=93, planName=4]] Written to file
